<?xml version="1.0" encoding="UTF-8"?>
<!-- Generated by org.testng.reporters.JUnitReportReporter -->
<testsuite hostname="DESKTOP-VT3OHNN" failures="0" tests="2" name="testcases.VerifyLoginTestCases" time="54.725" errors="0" timestamp="2024-04-26T09:11:27 IST" skipped="0">
  <testcase classname="testcases.VerifyLoginTestCases" name="verifyLoginithValidData" time="32.158"/>
  <system-out/>
  <testcase classname="testcases.VerifyLoginTestCases" name="verifyLoginithInValidData" time="22.567"/>
  <system-out/>
</testsuite> <!-- testcases.VerifyLoginTestCases -->
