<?xml version="1.0" encoding="UTF-8"?>
<!-- Generated by org.testng.reporters.JUnitReportReporter -->
<testsuite hostname="DESKTOP-VT3OHNN" failures="0" tests="2" name="testcases.VerifyResgistrationTestCases" time="82.811" errors="0" timestamp="2024-04-26T09:11:27 IST" skipped="0">
  <testcase classname="testcases.VerifyResgistrationTestCases" name="verifyRegisterationWithInValidData" time="57.239"/>
  <system-out/>
  <testcase classname="testcases.VerifyResgistrationTestCases" name="verifyRegisterationWithValidData" time="25.572"/>
  <system-out/>
</testsuite> <!-- testcases.VerifyResgistrationTestCases -->
